<?xml version="1.0" encoding="UTF-8"?>
<!-- Generated by org.testng.reporters.JUnitXMLReporter -->
<testsuite ignored="0" hostname="Ganesh" failures="0" tests="5" name="Default test" time="5.15" errors="0" timestamp="2022-09-01T10:31:45 EDT">
  <testcase classname="com.restapi.servicenow.CreateIncidentWithPojo" name="createincident" time="3.04"/>
  <testcase classname="com.restapi.servicenow.CreateIncidentWithPojo" name="updateIncident" time="0.669"/>
  <testcase classname="com.restapi.servicenow.CreateIncidentWithPojo" name="getIncident" time="0.434"/>
  <testcase classname="com.restapi.servicenow.CreateIncidentWithPojo" name="deleteIncident" time="0.466"/>
  <testcase classname="com.restapi.servicenow.CreateIncidentWithPojo" name="validateDeletedIncident" time="0.433"/>
</testsuite> <!-- Default test -->
