<?xml version="1.0" encoding="UTF-8" ?>
<testsuite tests="1" failures="1" name="FirstRestAssuredTest" time="0.006" errors="0" skipped="0">
  <properties>
[...]
</properties>
  <testcase classname="FirstRestAssuredTest" name="sendGetRequestTest" time="0.006">
    <failure message="Test not implemented" type="java.lang.RuntimeException">java.lang.RuntimeException: Test not implemented
	at FirstRestAssuredTest.sendGetRequestTest(FirstRestAssuredTest.java:7)
</failure>
    <system-out>Configuring TestNG with: org.apache.maven.surefire.testng.conf.TestNG652Configurator@57e1b0c
</system-out>
    <system-err>SLF4J: Failed to load class &quot;org.slf4j.impl.StaticLoggerBinder&quot;.
SLF4J: Defaulting to no-operation (NOP) logger implementation
SLF4J: See http://www.slf4j.org/codes.html#StaticLoggerBinder for further details.
</system-err>
  </testcase>
</testsuite>